1-ROR.2-ROR.3-ROR.4-ROR.43-健力604.44-健力604.47-兆發204.130-Hdj.131-Hdj.132-Hdj.133-Hdj.134-Hdj.215-安昌6.216-安昌6.217-安昌6.218-安昌6.219-安昌6.220-安昌6.221-安昌6.222-安昌6.223-安昌6.224-安昌6.225-安昌6.226-安昌6.227-安昌6.228-安昌6.229-安昌6.230-安昌6.231-安昌6.232-安昌6.233-安昌6.234-安昌6.235-安昌6.378-xgn.379-xgn.380-xgn.381-Klo.382-Klo.403-hdt.404-hdt.413-聯合1樓A.415-聯合1樓A.416-聯合1樓A.417-聯合1樓A.418-聯合1樓A.420-聯合1樓A.421-聯合1樓A.423-聯合1樓A.424-聯合1樓A.425-大一3B.426-大一3B.427-天一3B.428-天一3B.486-Klo.505-鴻運4樓.506-鴻運4樓.507-鴻運4樓.585-abc.586-abc.587-abc.588-abc.589-abc.590-abc.591-abc.592-abc.593-abc.594-abc.595-abc.596-abc.597-abc.598-abc.599-abc.600-abc.601-abc.602-abc.603-abc.604-abc.622-聯合1樓A.623-聯合1樓A.1469-123.1470-123.1471-123.1472-123.1754-萬年1B.1755-萬年1B.1756-萬年1B.1757-萬年1B.1758-萬年1B.1771-聯合1樓A.1772-聯合1樓A.1773-聯合1樓A.1774-聯合1樓A.1880-戈年運2A.1881-戈年運2A.1882-戈年運2A.1883-戈年運2A.2170-宏章3AB.2171-宏章3AB.2172-宏章3AB.2173-天輝5樓.2174-天輝5樓.2175-天輝5樓.2176-天輝5樓.2177-香企6AB.2178-香企6AB.2179-香企6AB.2180-香企5AB.2181-香企5AB.2182-香企5AB.2183-香企5AB.2184-香企4AB.2185-香企4AB.2186-香企4AB.2187-香企4AB.2188-香企4AB.2189-香企4AB.2190-香企4AB.2191-香企4AB.2192-香企4AB.2193-越成2樓.2194-越成2樓.2195-越成2樓.2196-越成2樓.2197-越成2樓.2198-越成2樓.2212-油工3期4C.2213-油工3期4C.2214-油工3期4C.2215-油工3期4C.2216-油工3期4C.2217-油工3期4C.2218-油工3期4C.2224-偉業9B.2225-偉業9B.2226-偉業9B.2227-偉業9B.2228-偉業9B.2229-偉業9B.2230-偉業9B.2231-偉業9B.2232-偉業9B.2233-觀中3期13BC.2246-怡生6A.2282-日昇1002B1.2283-日昇1002B1.2284-日昇1002B1.2285-日昇1002B1.2286-日昇1002B1.2287-日昇1002B1.2288-日昇1002B1.2289-日昇1002B1.2290-日昇1002B1.2291-日昇1002B1.2292-日昇1002B1.2293-日昇1002B1.2294-日昇1002B1.2307-安昌7樓.2308-安昌7樓.2309-安昌7樓.2310-安昌7樓.2311-安昌7樓.2312-安昌8樓.2325-偉業9B.2326-偉業9B.2327-偉業9B.2328-偉業9B.2329-偉業9B.2330-凱源3H.2331-凱源3H.2332-凱源3H.2333-凱源3H.2334-凱源3H.2335-凱源3H.2336-凱源3H.2337-凱源3H.2338-凱源3H.2339-凱源3H.2340-兆發208.2341-兆發208.2342-兆發208.2343-兆發208.2344-兆發208.2345-兆發208.2346-兆發208.2347-兆發208.2348-兆發208.2349-兆發208.2350-兆發208.2351-兆發208.2352-兆發208.2353-兆發208.2354-兆發208.2355-兆發208.2356-兆發208.2357-兆發208.2358-兆發208.2359-兆發208.2360-嘉名3CD.2361-嘉名3CD.2362-嘉名3CD.2363-永顯4D.2364-testing1.2365-testing1.2366-testing1.2367-testing1.2368-testing1.2369-testing1.2370-testing1.2371-testing1.2372-testing1.2373-testing2.2374-testing2.2375-testing2.2376-testing2.2377-testing2.2378-testing2.2379-testing2.2380-testing2.2381-testing2.2382-t3.2383-t3.2384-t3.2385-t3.2386-t3.2387-t3.2388-t3.2389-t3.2390-t3.2446-聯合1樓A.2447-聯合1樓A.2448-聯合1樓A.2449-聯合1樓A.2450-聯合1樓A.2451-聯合1樓A.2456-聯合1樓A.2457-聯合1樓A.2460-聯合1樓A.2466-嘉名.2467-嘉名.2468-嘉名.2469-嘉名.2470-嘉名.2471-嘉名.2472-嘉名.2473-嘉名.2474-嘉名.2475-嘉名.2476-嘉名.2477-嘉名.2478-嘉名.2479-嘉名.2480-嘉名.2481-嘉名.2482-嘉名.2483-嘉名.2484-嘉名.2485-嘉名.2486-嘉名.2487-666.2488-666.2489-666.2490-666.2491-666.2492-666.2493-666.2494-666.2495-666.2496-666.2497-666.2498-666.2499-666.2500-666.2501-666.2502-666.2503-666.2504-666.2505-666.2506-666.2507-駱駝漆1期3A.2508-駱駝漆1期3A.2509-駱駝漆1期3A.2510-駱駝漆1期3A.2511-駱駝漆1期3A.2512-駱駝漆1期3A.2513-駱駝漆1期3A.2514-駱駝漆1期3A.2515-駱駝漆1期3A.2516-駱駝漆1期3A.2517-駱駝漆1期3A.2518-駱駝漆1期3A.2519-駱駝漆1期3A.2520-駱駝漆1期3A.2521-駱駝漆1期3A.2522-駱駝漆1期3A.2523-駱駝漆1期3A.2524-駱駝漆1期3A.2525-怡生6A.2526-怡生6A.2527-怡生6A.2528-怡生6A.2529-怡生6A.2530-怡生6A.2531-怡生6A.2532-怡生6A.2533-怡生6A.2534-怡生6A.2535-怡生6A.2536-怡生6A.2537-怡生6A.2538-怡生6A.2539-怡生6A.2540-怡生6A.2541-怡生6A.2542-怡生6A.2543-怡生6A.2544-怡生6A.2623-鴻盛11樓.2624-鴻盛11樓.2625-鴻盛11樓.2626-鴻盛11樓.2627-鴻盛11樓.2628-鴻盛11樓.2629-鴻盛11樓.2630-鴻盛11樓.2631-鴻盛11樓.2632-鴻盛11樓.2633-鴻盛11樓.2634-鴻盛11樓.2635-鴻盛11樓.2636-鴻盛11樓.2637-鴻盛11樓.2638-鴻盛11樓.2639-鴻盛11樓.2640-鴻盛低層.2641-鴻盛低層.2642-鴻盛低層.2643-鴻盛低層.2644-鴻盛低層.2645-鴻盛低層.2646-鴻盛低層.2647-鴻盛低層.2648-鴻盛低層.2649-鴻盛低層.2650-鴻盛低層.2651-鴻盛低層.2652-鴻盛低層.2653-鴻盛10樓.2654-鴻盛10樓.2655-鴻盛10樓.2656-鴻盛10樓.2657-鴻盛10樓.2658-鴻盛10樓.2659-鴻盛10樓.2660-鴻盛10樓.2661-鴻盛10樓.2662-鴻盛10樓.2663-鴻盛10樓.2664-鴻盛10樓.2665-鴻盛10樓.2666-鴻盛10樓.2667-鴻盛10樓.2668-鴻盛10樓.2669-鴻盛10樓.2670-鴻盛10樓.2671-鴻盛10樓.2672-鴻盛10樓.2673-鴻盛9樓.2674-鴻盛9樓.2675-鴻盛9樓.2676-鴻盛9樓.2677-鴻盛9樓.2678-鴻盛9樓.2679-鴻盛9樓.2680-鴻盛9樓.2681-鴻盛9樓.2682-鴻盛9樓.2683-鴻盛9樓.2684-鴻盛9樓.2685-鴻盛9樓.2686-鴻盛9樓.2687-鴻盛9樓.2688-鴻盛9樓.2689-鴻盛9樓.2690-鴻盛9樓.2691-鴻盛9樓.2692-鴻盛9樓.2780-鴻盛4樓.2781-鴻盛4樓.2782-鴻盛4樓.2783-鴻盛4樓.2784-鴻盛4樓.2785-嘉名3CD.2786-嘉名3CD.2787-嘉名3CD.2788-嘉名3CD.2789-嘉名3CD.2790-嘉名3CD.2791-嘉名3CD.2792-嘉名3CD.2793-嘉名3CD.2794-嘉名3CD.2795-嘉名3CD.2796-嘉名3CD.2797-嘉名3CD.2798-嘉名3CD.2799-嘉名3CD.2800-嘉名3CD.2801-嘉名3CD.2802-嘉名3CD.2803-鴻運4樓.2804-鴻運4樓.2805-鴻運4樓.2806-鴻運4樓.2807-鴻運4樓.2808-鴻運4樓.2809-鴻運4樓.2810-鴻運4樓.2811-鴻運4樓.2812-鴻運4樓.2813-鴻運4樓.2814-鴻運4樓.2815-鴻運4樓.2816-鴻運4樓.2817-鴻運4樓.2818-鴻運4樓.2819-鴻運4樓.2820-鴻運4樓.2821-鴻運4樓.2822-鴻運4樓.2823-鴻運4樓.2824-鴻運4樓.2825-鴻運4樓.2826-鴻運4樓.2827-鴻運4樓.2828-鴻運4樓.2829-鴻運4樓.2830-鴻運4樓.2831-鴻運4樓.2874-高良2-8樓.2875-高良4.2876-高良4.2877-高良4.2878-高良4.2879-高良4.2880-高良4.2881-高良4.2882-高良4.2883-高良4.2884-高良4.2885-高良4.2886-高良4.2887-高良4.2888-高良4.2889-高良4.2890-高良4.2891-高良4.2892-高良4.2893-高良4.2894-高良4.2906-嘉名3CD.2912-成運926.2913-成運926.2914-成運926.2915-香工A3.2916-香工A3.2917-香工A3.2918-香工A3.2953-訊科3C.2954-訊科3C.2955-訊科3C.2956-訊科3C.2957-訊科3C.2958-訊科3C.2959-訊科3C.2960-訊科3C.2961-訊科3C.2962-訊科3C.2963-訊科3C.2964-訊科3C.2965-訊科3C.6765-美嘉1AB.Array
(
    [0] => Not Ext openImage : 
    [1] => Not open image /home1/boshingh/public_html/spms/crontab/../images/
)
Wa error! 16782-成運301C.6784-開聯A1214.Array
(
    [0] => Not Ext openImage : 
    [1] => Not open image /home1/boshingh/public_html/spms/crontab/../images/
)
Wa error! 16785-開聯B1103.Array
(
    [0] => Not Ext openImage : 
    [1] => Not open image /home1/boshingh/public_html/spms/crontab/../images/
)
Wa error! 16788-觀中4期4C.Array
(
    [0] => Not Ext openImage : 
    [1] => Not open image /home1/boshingh/public_html/spms/crontab/../images/
)
Wa error! 16789-萬年2樓AB.Array
(
    [0] => Not Ext openImage : 
    [1] => Not open image /home1/boshingh/public_html/spms/crontab/../images/
)
Wa error! 16790-萬年2樓AB.Array
(
    [0] => Not Ext openImage : 
    [1] => Not open image /home1/boshingh/public_html/spms/crontab/../images/
)
Wa error! 16791-萬年2樓AB.Array
(
    [0] => Not Ext openImage : 
    [1] => Not open image /home1/boshingh/public_html/spms/crontab/../images/
)
Wa error! 16792-萬年2C.Array
(
    [0] => Not Ext openImage : 
    [1] => Not open image /home1/boshingh/public_html/spms/crontab/../images/
)
Wa error! 16793-世紀4樓2，3，5，7.Array
(
    [0] => Not Ext openImage : 
    [1] => Not open image /home1/boshingh/public_html/spms/crontab/../images/
)
Wa error! 16794-巧明10樓.Array
(
    [0] => Not Ext openImage : 
    [1] => Not open image /home1/boshingh/public_html/spms/crontab/../images/
)
Wa error! 16795-美嘉8B.Array
(
    [0] => Not Ext openImage : 
    [1] => Not open image /home1/boshingh/public_html/spms/crontab/../images/
)
Wa error! 16796-美嘉8B.Array
(
    [0] => Not Ext openImage : 
    [1] => Not open image /home1/boshingh/public_html/spms/crontab/../images/
)
Wa error! 16797-美嘉8B.Array
(
    [0] => Not Ext openImage : 
    [1] => Not open image /home1/boshingh/public_html/spms/crontab/../images/
)
Wa error! 16798-彩虹6.Array
(
    [0] => Not Ext openImage : 
    [1] => Not open image /home1/boshingh/public_html/spms/crontab/../images/
)
Wa error! 16799-潤承5.Array
(
    [0] => Not Ext openImage : 
    [1] => Not open image /home1/boshingh/public_html/spms/crontab/../images/
)
Wa error! 16800-潤承5.Array
(
    [0] => Not Ext openImage : 
    [1] => Not open image /home1/boshingh/public_html/spms/crontab/../images/
)
Wa error! 16801-潤承5.Array
(
    [0] => Not Ext openImage : 
    [1] => Not open image /home1/boshingh/public_html/spms/crontab/../images/
)
Wa error! 16803-建德豐10B.Array
(
    [0] => Not Ext openImage : 
    [1] => Not open image /home1/boshingh/public_html/spms/crontab/../images/
)
Wa error! 16805-駱駝1期7A.Array
(
    [0] => Not Ext openImage : 
    [1] => Not open image /home1/boshingh/public_html/spms/crontab/../images/
)
Wa error! 16806-駱駝1期7D.Array
(
    [0] => Not Ext openImage : 
    [1] => Not open image /home1/boshingh/public_html/spms/crontab/../images/
)
Wa error! 16807-駱駝1期2B.Array
(
    [0] => Not Ext openImage : 
    [1] => Not open image /home1/boshingh/public_html/spms/crontab/../images/
)
Wa error! 16808-駱駝1期2B.Array
(
    [0] => Not Ext openImage : 
    [1] => Not open image /home1/boshingh/public_html/spms/crontab/../images/
)
Wa error! 16809-環球1116.6810-環球1116.Array
(
    [0] => Not Ext openImage : 
    [1] => Not open image /home1/boshingh/public_html/spms/crontab/../images/
)
Wa error! 16817-昌興4.Array
(
    [0] => Not Ext openImage : 
    [1] => Not open image /home1/boshingh/public_html/spms/crontab/../images/
)
Wa error! 16820-美德1B.Array
(
    [0] => Not Ext openImage : 
    [1] => Not open image /home1/boshingh/public_html/spms/crontab/../images/
)
Wa error! 16821-開聯A1412.Array
(
    [0] => Not Ext openImage : 
    [1] => Not open image /home1/boshingh/public_html/spms/crontab/../images/
)
Wa error! 16822-偉業11B.Array
(
    [0] => Not Ext openImage : 
    [1] => Not open image /home1/boshingh/public_html/spms/crontab/../images/
)
Wa error! 17397-時運4CD.Array
(
    [0] => Not Ext openImage : 
    [1] => Not open image /home1/boshingh/public_html/spms/crontab/../images/
)
Wa error! 17398-時運4CD.Array
(
    [0] => Not Ext openImage : 
    [1] => Not open image /home1/boshingh/public_html/spms/crontab/../images/
)
Wa error! 17399-時運4CD.Array
(
    [0] => Not Ext openImage : 
    [1] => Not open image /home1/boshingh/public_html/spms/crontab/../images/
)
Wa error! 17540-凱源1樓.Array
(
    [0] => Not Ext openImage : 
    [1] => Not open image /home1/boshingh/public_html/spms/crontab/../images/
)
Wa error! 17541-凱源1樓.Array
(
    [0] => Not Ext openImage : 
    [1] => Not open image /home1/boshingh/public_html/spms/crontab/../images/
)
Wa error! 17619-怡生4E.Array
(
    [0] => Not Ext openImage : 
    [1] => Not open image /home1/boshingh/public_html/spms/crontab/../images/
)
Wa error! 17620-怡生4E.Array
(
    [0] => Not Ext openImage : 
    [1] => Not open image /home1/boshingh/public_html/spms/crontab/../images/
)
Wa error! 1